2024-05-12 11:29:59,435 15668 INFO ? odoo: Odoo version 15.0-20240512 
2024-05-12 11:29:59,436 15668 INFO ? odoo: Using configuration file at E:\download\odoo15\server\odoo.conf 
2024-05-12 11:29:59,436 15668 INFO ? odoo: addons paths: ['E:\\download\\odoo15\\server\\odoo\\addons', 'c:\\users\\hp\\appdata\\local\\openerp s.a\\odoo\\addons\\15.0', 'e:\\download\\odoo15\\server\\odoo\\addons'] 
2024-05-12 11:29:59,436 15668 INFO ? odoo: database: openpg@localhost:5432 
2024-05-12 11:30:00,591 15668 WARNING ? py.warnings: E:\download\odoo15\python\lib\site-packages\reportlab\platypus\paraparser.py:54: DeprecationWarning: invalid escape sequence \s
  File "E:\download\odoo15\server\odoo-bin", line 8, in <module>
    odoo.cli.main()
  File "E:\download\odoo15\server\odoo\cli\command.py", line 61, in main
    o.run(args)
  File "E:\download\odoo15\server\odoo\cli\server.py", line 179, in run
    main(args)
  File "E:\download\odoo15\server\odoo\cli\server.py", line 173, in main
    rc = odoo.service.server.start(preload=preload, stop=stop)
  File "E:\download\odoo15\server\odoo\service\server.py", line 1300, in start
    load_server_wide_modules()
  File "E:\download\odoo15\server\odoo\service\server.py", line 1210, in load_server_wide_modules
    odoo.modules.module.load_openerp_module(m)
  File "E:\download\odoo15\server\odoo\modules\module.py", line 407, in load_openerp_module
    __import__('odoo.addons.' + module_name)
  File "E:\download\odoo15\server\odoo\addons\web\__init__.py", line 4, in <module>
    from . import controllers
  File "E:\download\odoo15\server\odoo\addons\web\controllers\__init__.py", line 4, in <module>
    from . import main
  File "E:\download\odoo15\server\odoo\addons\web\controllers\main.py", line 34, in <module>
    from odoo.addons.base.models.ir_qweb import render as qweb_render
  File "E:\download\odoo15\server\odoo\addons\base\__init__.py", line 5, in <module>
    from . import models
  File "E:\download\odoo15\server\odoo\addons\base\models\__init__.py", line 13, in <module>
    from . import ir_actions_report
  File "E:\download\odoo15\server\odoo\addons\base\models\ir_actions_report.py", line 25, in <module>
    from reportlab.graphics.barcode import createBarcodeDrawing
  File "E:\download\odoo15\python\lib\site-packages\reportlab\graphics\barcode\__init__.py", line 76, in <module>
    _reset()
  File "E:\download\odoo15\python\lib\site-packages\reportlab\graphics\barcode\__init__.py", line 42, in _reset
    from reportlab.graphics.barcode.widgets import BarcodeI2of5, BarcodeCode128, BarcodeStandard93,\
  File "E:\download\odoo15\python\lib\site-packages\reportlab\graphics\barcode\widgets.py", line 23, in <module>
    from reportlab.graphics.shapes import Line, Rect, Group, NotImplementedError, String
  File "E:\download\odoo15\python\lib\site-packages\reportlab\graphics\shapes.py", line 12, in <module>
    from reportlab.platypus import Flowable
  File "E:\download\odoo15\python\lib\site-packages\reportlab\platypus\__init__.py", line 10, in <module>
    from .paragraph import *
  File "E:\download\odoo15\python\lib\site-packages\reportlab\platypus\paragraph.py", line 16, in <module>
    from reportlab.platypus.paraparser import ParaParser, _PCT, _num as _parser_num, _re_us_value
  File "E:\download\odoo15\python\lib\warnings.py", line 110, in _showwarnmsg
    msg.file, msg.line)
  File "E:\download\odoo15\server\odoo\netsvc.py", line 265, in showwarning_with_traceback
    for frame in traceback.extract_stack():
 
2024-05-12 11:30:03,685 15668 INFO ? odoo.addons.base.models.ir_actions_report: Will use the Wkhtmltopdf binary at E:\download\odoo15\thirdparty\wkhtmltopdf.exe 
2024-05-12 11:30:07,243 15668 WARNING ? py.warnings: E:\download\odoo15\python\lib\site-packages\num2words\lang_PT_BR.py:142: DeprecationWarning: invalid escape sequence \w
  File "E:\download\odoo15\server\odoo-bin", line 8, in <module>
    odoo.cli.main()
  File "E:\download\odoo15\server\odoo\cli\command.py", line 61, in main
    o.run(args)
  File "E:\download\odoo15\server\odoo\cli\server.py", line 179, in run
    main(args)
  File "E:\download\odoo15\server\odoo\cli\server.py", line 173, in main
    rc = odoo.service.server.start(preload=preload, stop=stop)
  File "E:\download\odoo15\server\odoo\service\server.py", line 1300, in start
    load_server_wide_modules()
  File "E:\download\odoo15\server\odoo\service\server.py", line 1210, in load_server_wide_modules
    odoo.modules.module.load_openerp_module(m)
  File "E:\download\odoo15\server\odoo\modules\module.py", line 407, in load_openerp_module
    __import__('odoo.addons.' + module_name)
  File "E:\download\odoo15\server\odoo\addons\web\__init__.py", line 4, in <module>
    from . import controllers
  File "E:\download\odoo15\server\odoo\addons\web\controllers\__init__.py", line 4, in <module>
    from . import main
  File "E:\download\odoo15\server\odoo\addons\web\controllers\main.py", line 34, in <module>
    from odoo.addons.base.models.ir_qweb import render as qweb_render
  File "E:\download\odoo15\server\odoo\addons\base\__init__.py", line 5, in <module>
    from . import models
  File "E:\download\odoo15\server\odoo\addons\base\models\__init__.py", line 45, in <module>
    from . import res_currency
  File "E:\download\odoo15\server\odoo\addons\base\models\res_currency.py", line 17, in <module>
    from num2words import num2words
  File "E:\download\odoo15\python\lib\site-packages\num2words\__init__.py", line 34, in <module>
    from . import lang_PT_BR
  File "E:\download\odoo15\python\lib\warnings.py", line 110, in _showwarnmsg
    msg.file, msg.line)
  File "E:\download\odoo15\server\odoo\netsvc.py", line 265, in showwarning_with_traceback
    for frame in traceback.extract_stack():
 
2024-05-12 11:30:07,246 15668 WARNING ? py.warnings: E:\download\odoo15\python\lib\site-packages\num2words\lang_PT_BR.py:170: DeprecationWarning: invalid escape sequence \s
  File "E:\download\odoo15\server\odoo-bin", line 8, in <module>
    odoo.cli.main()
  File "E:\download\odoo15\server\odoo\cli\command.py", line 61, in main
    o.run(args)
  File "E:\download\odoo15\server\odoo\cli\server.py", line 179, in run
    main(args)
  File "E:\download\odoo15\server\odoo\cli\server.py", line 173, in main
    rc = odoo.service.server.start(preload=preload, stop=stop)
  File "E:\download\odoo15\server\odoo\service\server.py", line 1300, in start
    load_server_wide_modules()
  File "E:\download\odoo15\server\odoo\service\server.py", line 1210, in load_server_wide_modules
    odoo.modules.module.load_openerp_module(m)
  File "E:\download\odoo15\server\odoo\modules\module.py", line 407, in load_openerp_module
    __import__('odoo.addons.' + module_name)
  File "E:\download\odoo15\server\odoo\addons\web\__init__.py", line 4, in <module>
    from . import controllers
  File "E:\download\odoo15\server\odoo\addons\web\controllers\__init__.py", line 4, in <module>
    from . import main
  File "E:\download\odoo15\server\odoo\addons\web\controllers\main.py", line 34, in <module>
    from odoo.addons.base.models.ir_qweb import render as qweb_render
  File "E:\download\odoo15\server\odoo\addons\base\__init__.py", line 5, in <module>
    from . import models
  File "E:\download\odoo15\server\odoo\addons\base\models\__init__.py", line 45, in <module>
    from . import res_currency
  File "E:\download\odoo15\server\odoo\addons\base\models\res_currency.py", line 17, in <module>
    from num2words import num2words
  File "E:\download\odoo15\python\lib\site-packages\num2words\__init__.py", line 34, in <module>
    from . import lang_PT_BR
  File "E:\download\odoo15\python\lib\warnings.py", line 110, in _showwarnmsg
    msg.file, msg.line)
  File "E:\download\odoo15\server\odoo\netsvc.py", line 265, in showwarning_with_traceback
    for frame in traceback.extract_stack():
 
2024-05-12 11:30:07,776 15668 INFO ? odoo.service.server: Initiating shutdown 
2024-05-12 11:30:07,776 15668 INFO ? odoo.service.server: Hit CTRL-C again or send a second signal to force the shutdown. 
2024-05-12 11:30:11,280 20016 INFO ? odoo: Odoo version 15.0-20240512 
2024-05-12 11:30:11,280 20016 INFO ? odoo: Using configuration file at E:\download\odoo15\server\odoo.conf 
2024-05-12 11:30:11,281 20016 INFO ? odoo: addons paths: ['E:\\download\\odoo15\\server\\odoo\\addons', 'c:\\users\\hp\\appdata\\local\\openerp s.a\\odoo\\addons\\15.0', 'e:\\download\\odoo15\\server\\odoo\\addons'] 
2024-05-12 11:30:11,281 20016 INFO ? odoo: database: openpg@localhost:5432 
2024-05-12 11:30:11,747 20016 INFO ? odoo.addons.base.models.ir_actions_report: Will use the Wkhtmltopdf binary at E:\download\odoo15\thirdparty\wkhtmltopdf.exe 
2024-05-12 11:30:12,182 20016 INFO ? odoo.service.server: HTTP service (werkzeug) running on LAPTOP-GRIJDV7K:8069 
2024-05-12 11:30:16,198 20016 INFO ? odoo.sql_db: Connection to the database failed 
2024-05-12 11:30:20,278 20016 INFO ? odoo.sql_db: Connection to the database failed 
2024-05-12 11:48:38,802 20016 INFO ? odoo.http: HTTP Configuring static files 
2024-05-12 11:48:38,911 20016 INFO ? odoo.http: Generating nondb routing 
2024-05-12 11:48:38,941 20016 INFO ? werkzeug: 127.0.0.1 - - [12/May/2024 11:48:38] "GET / HTTP/1.1" 303 - 1 0.023 0.094
2024-05-12 11:48:39,008 20016 INFO ? werkzeug: 127.0.0.1 - - [12/May/2024 11:48:39] "GET /web HTTP/1.1" 303 - 2 0.002 0.060
2024-05-12 11:48:39,779 20016 INFO ? werkzeug: 127.0.0.1 - - [12/May/2024 11:48:39] "GET /web/database/selector HTTP/1.1" 200 - 2 0.003 0.763
2024-05-12 11:48:40,117 20016 INFO ? werkzeug: 127.0.0.1 - - [12/May/2024 11:48:40] "GET /web/static/lib/bootstrap/css/bootstrap.css HTTP/1.1" 200 - - - -
2024-05-12 11:48:40,120 20016 INFO ? werkzeug: 127.0.0.1 - - [12/May/2024 11:48:40] "GET /web/static/lib/fontawesome/css/font-awesome.css HTTP/1.1" 200 - - - -
2024-05-12 11:48:40,138 20016 INFO ? werkzeug: 127.0.0.1 - - [12/May/2024 11:48:40] "GET /web/static/lib/bootstrap/js/index.js HTTP/1.1" 200 - - - -
2024-05-12 11:48:40,146 20016 INFO ? werkzeug: 127.0.0.1 - - [12/May/2024 11:48:40] "GET /web/static/lib/bootstrap/js/util.js HTTP/1.1" 200 - - - -
2024-05-12 11:48:40,147 20016 INFO ? werkzeug: 127.0.0.1 - - [12/May/2024 11:48:40] "GET /web/static/lib/popper/popper.js HTTP/1.1" 200 - - - -
2024-05-12 11:48:40,177 20016 INFO ? werkzeug: 127.0.0.1 - - [12/May/2024 11:48:40] "GET /web/static/lib/jquery/jquery.js HTTP/1.1" 200 - - - -
2024-05-12 11:48:40,459 20016 INFO ? werkzeug: 127.0.0.1 - - [12/May/2024 11:48:40] "GET /web/static/lib/bootstrap/js/alert.js HTTP/1.1" 200 - - - -
2024-05-12 11:48:40,462 20016 INFO ? werkzeug: 127.0.0.1 - - [12/May/2024 11:48:40] "GET /web/static/lib/bootstrap/js/button.js HTTP/1.1" 200 - - - -
2024-05-12 11:48:40,481 20016 INFO ? werkzeug: 127.0.0.1 - - [12/May/2024 11:48:40] "GET /web/static/lib/bootstrap/js/carousel.js HTTP/1.1" 200 - - - -
2024-05-12 11:48:40,481 20016 INFO ? werkzeug: 127.0.0.1 - - [12/May/2024 11:48:40] "GET /web/static/lib/bootstrap/js/dropdown.js HTTP/1.1" 200 - - - -
2024-05-12 11:48:40,482 20016 INFO ? werkzeug: 127.0.0.1 - - [12/May/2024 11:48:40] "GET /web/static/lib/bootstrap/js/collapse.js HTTP/1.1" 200 - - - -
2024-05-12 11:48:40,508 20016 INFO ? werkzeug: 127.0.0.1 - - [12/May/2024 11:48:40] "GET /web/static/lib/bootstrap/js/modal.js HTTP/1.1" 200 - - - -
2024-05-12 11:48:40,782 20016 INFO ? werkzeug: 127.0.0.1 - - [12/May/2024 11:48:40] "GET /web/static/lib/bootstrap/js/popover.js HTTP/1.1" 200 - - - -
2024-05-12 11:48:40,785 20016 INFO ? werkzeug: 127.0.0.1 - - [12/May/2024 11:48:40] "GET /web/static/lib/bootstrap/js/tooltip.js HTTP/1.1" 200 - - - -
2024-05-12 11:48:40,803 20016 INFO ? werkzeug: 127.0.0.1 - - [12/May/2024 11:48:40] "GET /web/static/lib/bootstrap/js/scrollspy.js HTTP/1.1" 200 - - - -
2024-05-12 11:48:40,804 20016 INFO ? werkzeug: 127.0.0.1 - - [12/May/2024 11:48:40] "GET /web/static/lib/bootstrap/js/tab.js HTTP/1.1" 200 - - - -
2024-05-12 11:48:40,806 20016 INFO ? werkzeug: 127.0.0.1 - - [12/May/2024 11:48:40] "GET /web/static/src/public/database_manager.js HTTP/1.1" 200 - - - -
2024-05-12 11:48:40,823 20016 INFO ? werkzeug: 127.0.0.1 - - [12/May/2024 11:48:40] "GET /web/static/img/logo2.png HTTP/1.1" 200 - - - -
2024-05-12 17:23:55,917 20016 INFO ? odoo.service.server: Initiating shutdown 
2024-05-12 17:23:55,949 20016 INFO ? odoo.service.server: Hit CTRL-C again or send a second signal to force the shutdown. 
2024-05-12 17:23:56,105 20016 INFO ? odoo.sql_db: ConnectionPool(used=0/count=0/max=64): Closed 0 connections  
